<?xml version="1.0" encoding="UTF-8"?>
<!-- Generated by org.testng.reporters.JUnitReportReporter -->
<testsuite hostname="DESKTOP-88O1SMP" failures="0" tests="1" name="Test.test3" time="0.010" errors="0" timestamp="2025-02-16T12:37:02 IST" skipped="0">
  <testcase classname="Test.test3" name="mid" time="0.010"/>
  <system-out/>
</testsuite> <!-- Test.test3 -->
