<?xml version="1.0" encoding="UTF-8"?>
<!-- Generated by org.testng.reporters.JUnitReportReporter -->
<testsuite hostname="DESKTOP-88O1SMP" failures="0" tests="1" name="Test.test2" time="0.001" errors="0" timestamp="2025-02-16T12:37:02 IST" skipped="0">
  <testcase classname="Test.test2" name="nrml" time="0.001"/>
  <system-out/>
</testsuite> <!-- Test.test2 -->
